<?xml version="1.0" encoding="UTF-8"?>
<!-- Generated by org.testng.reporters.JUnitXMLReporter -->
<testsuite hostname="DESKTOP-KKRE46F" ignored="0" name="Nopackage" tests="5" failures="0" timestamp="26 Sep 2020 21:51:37 GMT" time="92.99" errors="0">
  <testcase name="feature" time="19.22" classname="cucumber.api.testng.AbstractTestNGCucumberTests"/>
  <testcase name="feature" time="9.31" classname="cucumber.api.testng.AbstractTestNGCucumberTests"/>
  <testcase name="feature" time="28.8" classname="cucumber.api.testng.AbstractTestNGCucumberTests"/>
  <testcase name="feature" time="14.212" classname="cucumber.api.testng.AbstractTestNGCucumberTests"/>
  <testcase name="feature" time="20.432" classname="cucumber.api.testng.AbstractTestNGCucumberTests"/>
</testsuite> <!-- Nopackage -->
