<?xml version="1.0" encoding="UTF-8"?>
<testng-results skipped="0" failed="0" ignored="0" total="5" passed="5">
  <reporter-output>
  </reporter-output>
  <suite name="Suite1" duration-ms="92990" started-at="2020-09-26T21:50:04Z" finished-at="2020-09-26T21:51:37Z">
    <groups>
      <group name="cucumber">
        <method signature="AbstractTestNGCucumberTests.feature(cucumber.api.testng.CucumberFeatureWrapper)[pri:0, instance:Com.nexttech.testrunner.TestRunnerNG$Testrunner@224edc67]" name="feature" class="cucumber.api.testng.AbstractTestNGCucumberTests"/>
      </group> <!-- cucumber -->
    </groups>
    <test name="Nopackage" duration-ms="92990" started-at="2020-09-26T21:50:04Z" finished-at="2020-09-26T21:51:37Z">
      <class name="Com.nexttech.testrunner.TestRunnerNG$Testrunner">
        <test-method status="PASS" signature="setUpClass()[pri:0, instance:Com.nexttech.testrunner.TestRunnerNG$Testrunner@224edc67]" name="setUpClass" is-config="true" duration-ms="746" started-at="2020-09-26T14:50:04Z" finished-at="2020-09-26T14:50:04Z">
          <reporter-output>
          </reporter-output>
        </test-method> <!-- setUpClass -->
        <test-method status="PASS" signature="feature(cucumber.api.testng.CucumberFeatureWrapper)[pri:0, instance:Com.nexttech.testrunner.TestRunnerNG$Testrunner@224edc67]" name="feature" duration-ms="19220" started-at="2020-09-26T14:50:05Z" description="Runs Cucumber Feature" data-provider="features" finished-at="2020-09-26T14:50:24Z">
          <params>
            <param index="0">
              <value>
                <![CDATA[Desktops Computers of Dell]]>
              </value>
            </param>
          </params>
          <reporter-output>
          </reporter-output>
        </test-method> <!-- feature -->
        <test-method status="PASS" signature="feature(cucumber.api.testng.CucumberFeatureWrapper)[pri:0, instance:Com.nexttech.testrunner.TestRunnerNG$Testrunner@224edc67]" name="feature" duration-ms="9310" started-at="2020-09-26T14:50:24Z" description="Runs Cucumber Feature" data-provider="features" finished-at="2020-09-26T14:50:33Z">
          <params>
            <param index="0">
              <value>
                <![CDATA[Log In to facebook account]]>
              </value>
            </param>
          </params>
          <reporter-output>
          </reporter-output>
        </test-method> <!-- feature -->
        <test-method status="PASS" signature="feature(cucumber.api.testng.CucumberFeatureWrapper)[pri:0, instance:Com.nexttech.testrunner.TestRunnerNG$Testrunner@224edc67]" name="feature" duration-ms="28800" started-at="2020-09-26T14:50:33Z" description="Runs Cucumber Feature" data-provider="features" finished-at="2020-09-26T14:51:02Z">
          <params>
            <param index="0">
              <value>
                <![CDATA[Offers of Hilton]]>
              </value>
            </param>
          </params>
          <reporter-output>
          </reporter-output>
        </test-method> <!-- feature -->
        <test-method status="PASS" signature="feature(cucumber.api.testng.CucumberFeatureWrapper)[pri:0, instance:Com.nexttech.testrunner.TestRunnerNG$Testrunner@224edc67]" name="feature" duration-ms="14212" started-at="2020-09-26T14:51:02Z" description="Runs Cucumber Feature" data-provider="features" finished-at="2020-09-26T14:51:16Z">
          <params>
            <param index="0">
              <value>
                <![CDATA[Laptops of Dell]]>
              </value>
            </param>
          </params>
          <reporter-output>
          </reporter-output>
        </test-method> <!-- feature -->
        <test-method status="PASS" signature="feature(cucumber.api.testng.CucumberFeatureWrapper)[pri:0, instance:Com.nexttech.testrunner.TestRunnerNG$Testrunner@224edc67]" name="feature" duration-ms="20432" started-at="2020-09-26T14:51:16Z" description="Runs Cucumber Feature" data-provider="features" finished-at="2020-09-26T14:51:37Z">
          <params>
            <param index="0">
              <value>
                <![CDATA[Hitons Locations]]>
              </value>
            </param>
          </params>
          <reporter-output>
          </reporter-output>
        </test-method> <!-- feature -->
        <test-method status="PASS" signature="tearDownClass()[pri:0, instance:Com.nexttech.testrunner.TestRunnerNG$Testrunner@224edc67]" name="tearDownClass" is-config="true" duration-ms="9" started-at="2020-09-26T14:51:37Z" finished-at="2020-09-26T14:51:37Z">
          <reporter-output>
          </reporter-output>
        </test-method> <!-- tearDownClass -->
      </class> <!-- Com.nexttech.testrunner.TestRunnerNG$Testrunner -->
    </test> <!-- Nopackage -->
  </suite> <!-- Suite1 -->
</testng-results>
